---------------------------------------------------------------
[ 2018-04-16T04:14:54+08:00 ] 47.100.38.232 GET /
[ info ] shitangba.com/ [运行时间：0.020636s][吞吐率：48.46req/s] [内存消耗：2,064.92kb] [文件加载：40]
[ info ] [ LANG ] /home/wwwroot/stbweb/thinkphp/lang/zh-cn.php
[ info ] [ ROUTE ] array (
  'type' => 'module',
  'module' => 
  array (
    0 => '',
    1 => NULL,
    2 => NULL,
  ),
)
[ info ] [ HEADER ] array (
  'user-agent' => 'Mozilla/5.0 (X11; Ubuntu; Linux x86_64; rv:36.0) Gecko/20100101 Firefox/36.0',
  'host' => 'shitangba.com',
  'accept' => 'text/html, image/gif, image/jpeg, *; q=.2, */*; q=.2',
  'connection' => 'keep-alive',
  'content-type' => '',
  'content-length' => '',
)
[ info ] [ PARAM ] array (
)
[ info ] [ RUN ] app\home\controller\Index->index[ /home/wwwroot/stbweb/appls/home/controller/Index.php ]
[ info ] [ VIEW ] /home/wwwroot/stbweb/public/../appls/home/view/index/index.html [ array (
) ]
[ info ] [ LOG ] INIT File
---------------------------------------------------------------
[ 2018-04-16T06:57:40+08:00 ] 106.11.226.20 GET /
[ info ] www.shitangba.com/ [运行时间：0.020878s][吞吐率：47.90req/s] [内存消耗：2,066.02kb] [文件加载：40]
[ info ] [ LANG ] /home/wwwroot/stbweb/thinkphp/lang/zh-cn.php
[ info ] [ ROUTE ] array (
  'type' => 'module',
  'module' => 
  array (
    0 => '',
    1 => NULL,
    2 => NULL,
  ),
)
[ info ] [ HEADER ] array (
  'accept-encoding' => 'gzip',
  'user-agent' => 'Mozilla/5.0 (iPad; CPU OS 9_1 like Mac OS X) AppleWebKit/601.1.46 (KHTML, like Gecko) Version/9.0 Mobile/13B143 Safari/601.1',
  'cache-control' => 'no-cache',
  'pragma' => 'no-cache',
  'host' => 'www.shitangba.com',
  'accept' => 'text/html, image/gif, image/jpeg, *; q=.2, */*; q=.2',
  'connection' => 'keep-alive',
  'content-type' => '',
  'content-length' => '',
)
[ info ] [ PARAM ] array (
)
[ info ] [ RUN ] app\home\controller\Index->index[ /home/wwwroot/stbweb/appls/home/controller/Index.php ]
[ info ] [ VIEW ] /home/wwwroot/stbweb/public/../appls/home/view/index/index.html [ array (
) ]
[ info ] [ LOG ] INIT File
---------------------------------------------------------------
[ 2018-04-16T12:18:47+08:00 ] 101.132.107.246 GET /
[ info ] www.shitangba.com/ [运行时间：0.019517s][吞吐率：51.24req/s] [内存消耗：2,064.80kb] [文件加载：40]
[ info ] [ LANG ] /home/wwwroot/stbweb/thinkphp/lang/zh-cn.php
[ info ] [ ROUTE ] array (
  'type' => 'module',
  'module' => 
  array (
    0 => '',
    1 => NULL,
    2 => NULL,
  ),
)
[ info ] [ HEADER ] array (
  'user-agent' => 'Mozilla/5.0 (X11; Ubuntu; Linux x86_64; rv:36.0) Gecko/20100101 Firefox/36.0',
  'host' => 'www.shitangba.com',
  'accept' => 'text/html, image/gif, image/jpeg, *; q=.2, */*; q=.2',
  'connection' => 'keep-alive',
  'content-type' => '',
  'content-length' => '',
)
[ info ] [ PARAM ] array (
)
[ info ] [ RUN ] app\home\controller\Index->index[ /home/wwwroot/stbweb/appls/home/controller/Index.php ]
[ info ] [ VIEW ] /home/wwwroot/stbweb/public/../appls/home/view/index/index.html [ array (
) ]
[ info ] [ LOG ] INIT File
---------------------------------------------------------------
[ 2018-04-16T17:23:30+08:00 ] 66.249.79.75 GET /
[ info ] shitangba.com/ [运行时间：0.021086s][吞吐率：47.42req/s] [内存消耗：2,065.17kb] [文件加载：40]
[ info ] [ LANG ] /home/wwwroot/stbweb/thinkphp/lang/zh-cn.php
[ info ] [ ROUTE ] array (
  'type' => 'module',
  'module' => 
  array (
    0 => '',
    1 => NULL,
    2 => NULL,
  ),
)
[ info ] [ HEADER ] array (
  'host' => 'shitangba.com',
  'connection' => 'keep-alive',
  'accept' => 'text/html,application/xhtml+xml,application/xml;q=0.9,*/*;q=0.8',
  'from' => 'googlebot(at)googlebot.com',
  'user-agent' => 'Mozilla/5.0 (compatible; Googlebot/2.1; +http://www.google.com/bot.html)',
  'accept-encoding' => 'gzip,deflate,br',
  'content-type' => '',
  'content-length' => '',
)
[ info ] [ PARAM ] array (
)
[ info ] [ RUN ] app\home\controller\Index->index[ /home/wwwroot/stbweb/appls/home/controller/Index.php ]
[ info ] [ VIEW ] /home/wwwroot/stbweb/public/../appls/home/view/index/index.html [ array (
) ]
[ info ] [ LOG ] INIT File
---------------------------------------------------------------
[ 2018-04-16T18:04:10+08:00 ] 106.11.225.156 GET /
[ info ] shitangba.com/ [运行时间：0.019642s][吞吐率：50.91req/s] [内存消耗：2,065.50kb] [文件加载：40]
[ info ] [ LANG ] /home/wwwroot/stbweb/thinkphp/lang/zh-cn.php
[ info ] [ ROUTE ] array (
  'type' => 'module',
  'module' => 
  array (
    0 => '',
    1 => NULL,
    2 => NULL,
  ),
)
[ info ] [ HEADER ] array (
  'accept-encoding' => 'gzip',
  'user-agent' => 'Mozilla/5.0 (iPad; CPU OS 9_1 like Mac OS X) AppleWebKit/601.1.46 (KHTML, like Gecko) Version/9.0 Mobile/13B143 Safari/601.1',
  'cache-control' => 'no-cache',
  'pragma' => 'no-cache',
  'host' => 'shitangba.com',
  'accept' => 'text/html, image/gif, image/jpeg, *; q=.2, */*; q=.2',
  'connection' => 'keep-alive',
  'content-type' => '',
  'content-length' => '',
)
[ info ] [ PARAM ] array (
)
[ info ] [ RUN ] app\home\controller\Index->index[ /home/wwwroot/stbweb/appls/home/controller/Index.php ]
[ info ] [ VIEW ] /home/wwwroot/stbweb/public/../appls/home/view/index/index.html [ array (
) ]
[ info ] [ LOG ] INIT File
---------------------------------------------------------------
[ 2018-04-16T18:53:00+08:00 ] 47.100.51.108 GET /
[ info ] www.shitangba.com/ [运行时间：0.020061s][吞吐率：49.85req/s] [内存消耗：2,064.80kb] [文件加载：40]
[ info ] [ LANG ] /home/wwwroot/stbweb/thinkphp/lang/zh-cn.php
[ info ] [ ROUTE ] array (
  'type' => 'module',
  'module' => 
  array (
    0 => '',
    1 => NULL,
    2 => NULL,
  ),
)
[ info ] [ HEADER ] array (
  'user-agent' => 'Mozilla/5.0 (X11; Ubuntu; Linux x86_64; rv:36.0) Gecko/20100101 Firefox/36.0',
  'host' => 'www.shitangba.com',
  'accept' => 'text/html, image/gif, image/jpeg, *; q=.2, */*; q=.2',
  'connection' => 'keep-alive',
  'content-type' => '',
  'content-length' => '',
)
[ info ] [ PARAM ] array (
)
[ info ] [ RUN ] app\home\controller\Index->index[ /home/wwwroot/stbweb/appls/home/controller/Index.php ]
[ info ] [ VIEW ] /home/wwwroot/stbweb/public/../appls/home/view/index/index.html [ array (
) ]
[ info ] [ LOG ] INIT File
---------------------------------------------------------------
[ 2018-04-16T23:12:07+08:00 ] 101.41.62.238 GET /
[ info ] shitangba.com/ [运行时间：0.019585s][吞吐率：51.06req/s] [内存消耗：2,064.71kb] [文件加载：40]
[ info ] [ LANG ] /home/wwwroot/stbweb/thinkphp/lang/zh-cn.php
[ info ] [ ROUTE ] array (
  'type' => 'module',
  'module' => 
  array (
    0 => '',
    1 => NULL,
    2 => NULL,
  ),
)
[ info ] [ HEADER ] array (
  'user-agent' => 'Baiduspider+(+http://www.baidu.com/search/spider.htm)',
  'accept' => '*/*',
  'accept-language' => 'zh-cn,en-us;q=0.5',
  'host' => 'shitangba.com',
  'connection' => 'Keep-Alive',
  'content-type' => '',
  'content-length' => '',
)
[ info ] [ PARAM ] array (
)
[ info ] [ RUN ] app\home\controller\Index->index[ /home/wwwroot/stbweb/appls/home/controller/Index.php ]
[ info ] [ VIEW ] /home/wwwroot/stbweb/public/../appls/home/view/index/index.html [ array (
) ]
[ info ] [ LOG ] INIT File
---------------------------------------------------------------
[ 2018-04-16T23:12:07+08:00 ] 101.41.62.238 GET /
[ info ] shitangba.com/ [运行时间：0.019376s][吞吐率：51.61req/s] [内存消耗：2,064.52kb] [文件加载：40]
[ info ] [ LANG ] /home/wwwroot/stbweb/thinkphp/lang/zh-cn.php
[ info ] [ ROUTE ] array (
  'type' => 'module',
  'module' => 
  array (
    0 => '',
    1 => NULL,
    2 => NULL,
  ),
)
[ info ] [ HEADER ] array (
  'user-agent' => 'Baiduspider+(+http://www.baidu.com/search/spider.htm)',
  'accept' => '*/*',
  'accept-language' => 'zh-cn,en-us;q=0.5',
  'host' => 'shitangba.com',
  'content-type' => '',
  'content-length' => '',
)
[ info ] [ PARAM ] array (
)
[ info ] [ RUN ] app\home\controller\Index->index[ /home/wwwroot/stbweb/appls/home/controller/Index.php ]
[ info ] [ VIEW ] /home/wwwroot/stbweb/public/../appls/home/view/index/index.html [ array (
) ]
[ info ] [ LOG ] INIT File
