---------------------------------------------------------------
[ 2018-04-18T06:51:24+08:00 ] 106.11.227.3 GET /
[ info ] www.shitangba.com/ [运行时间：0.031133s][吞吐率：32.12req/s] [内存消耗：2,066.02kb] [文件加载：40]
[ info ] [ LANG ] /home/wwwroot/stbweb/thinkphp/lang/zh-cn.php
[ info ] [ ROUTE ] array (
  'type' => 'module',
  'module' => 
  array (
    0 => '',
    1 => NULL,
    2 => NULL,
  ),
)
[ info ] [ HEADER ] array (
  'accept-encoding' => 'gzip',
  'user-agent' => 'Mozilla/5.0 (iPad; CPU OS 9_1 like Mac OS X) AppleWebKit/601.1.46 (KHTML, like Gecko) Version/9.0 Mobile/13B143 Safari/601.1',
  'cache-control' => 'no-cache',
  'pragma' => 'no-cache',
  'host' => 'www.shitangba.com',
  'accept' => 'text/html, image/gif, image/jpeg, *; q=.2, */*; q=.2',
  'connection' => 'keep-alive',
  'content-type' => '',
  'content-length' => '',
)
[ info ] [ PARAM ] array (
)
[ info ] [ RUN ] app\home\controller\Index->index[ /home/wwwroot/stbweb/appls/home/controller/Index.php ]
[ info ] [ VIEW ] /home/wwwroot/stbweb/public/../appls/home/view/index/index.html [ array (
) ]
[ info ] [ LOG ] INIT File
---------------------------------------------------------------
[ 2018-04-18T10:44:59+08:00 ] 164.52.34.58 GET /
[ info ] shitangba.com/ [运行时间：0.019836s][吞吐率：50.41req/s] [内存消耗：2,065.46kb] [文件加载：40]
[ info ] [ LANG ] /home/wwwroot/stbweb/thinkphp/lang/zh-cn.php
[ info ] [ ROUTE ] array (
  'type' => 'module',
  'module' => 
  array (
    0 => '',
    1 => NULL,
    2 => NULL,
  ),
)
[ info ] [ HEADER ] array (
  'host' => 'shitangba.com',
  'connection' => 'keep-alive',
  'accept' => 'text/html,application/xhtml+xml,application/xml;q=0.9,*/*;q=0.8',
  'user-agent' => 'Mozilla/5.0 (X11; Linux x86_64) AppleWebKit/537.36 (KHTML, like Gecko) Chrome/49.0.2623.75 Safari/537.36 Google Favicon',
  'accept-encoding' => 'gzip,deflate,br',
  'x-forwarded-for' => '164.52.34.58',
  'content-type' => '',
  'content-length' => '',
)
[ info ] [ PARAM ] array (
)
[ info ] [ RUN ] app\home\controller\Index->index[ /home/wwwroot/stbweb/appls/home/controller/Index.php ]
[ info ] [ VIEW ] /home/wwwroot/stbweb/public/../appls/home/view/index/index.html [ array (
) ]
[ info ] [ LOG ] INIT File
---------------------------------------------------------------
[ 2018-04-18T16:07:43+08:00 ] 47.92.138.160 GET /
[ info ] www.shitangba.com/ [运行时间：0.019764s][吞吐率：50.60req/s] [内存消耗：2,064.80kb] [文件加载：40]
[ info ] [ LANG ] /home/wwwroot/stbweb/thinkphp/lang/zh-cn.php
[ info ] [ ROUTE ] array (
  'type' => 'module',
  'module' => 
  array (
    0 => '',
    1 => NULL,
    2 => NULL,
  ),
)
[ info ] [ HEADER ] array (
  'user-agent' => 'Mozilla/5.0 (X11; Ubuntu; Linux x86_64; rv:36.0) Gecko/20100101 Firefox/36.0',
  'host' => 'www.shitangba.com',
  'accept' => 'text/html, image/gif, image/jpeg, *; q=.2, */*; q=.2',
  'connection' => 'keep-alive',
  'content-type' => '',
  'content-length' => '',
)
[ info ] [ PARAM ] array (
)
[ info ] [ RUN ] app\home\controller\Index->index[ /home/wwwroot/stbweb/appls/home/controller/Index.php ]
[ info ] [ VIEW ] /home/wwwroot/stbweb/public/../appls/home/view/index/index.html [ array (
) ]
[ info ] [ LOG ] INIT File
---------------------------------------------------------------
[ 2018-04-18T18:51:36+08:00 ] 106.11.225.107 GET /
[ info ] shitangba.com/ [运行时间：0.021054s][吞吐率：47.50req/s] [内存消耗：2,065.50kb] [文件加载：40]
[ info ] [ LANG ] /home/wwwroot/stbweb/thinkphp/lang/zh-cn.php
[ info ] [ ROUTE ] array (
  'type' => 'module',
  'module' => 
  array (
    0 => '',
    1 => NULL,
    2 => NULL,
  ),
)
[ info ] [ HEADER ] array (
  'accept-encoding' => 'gzip',
  'user-agent' => 'Mozilla/5.0 (iPad; CPU OS 9_1 like Mac OS X) AppleWebKit/601.1.46 (KHTML, like Gecko) Version/9.0 Mobile/13B143 Safari/601.1',
  'cache-control' => 'no-cache',
  'pragma' => 'no-cache',
  'host' => 'shitangba.com',
  'accept' => 'text/html, image/gif, image/jpeg, *; q=.2, */*; q=.2',
  'connection' => 'keep-alive',
  'content-type' => '',
  'content-length' => '',
)
[ info ] [ PARAM ] array (
)
[ info ] [ RUN ] app\home\controller\Index->index[ /home/wwwroot/stbweb/appls/home/controller/Index.php ]
[ info ] [ VIEW ] /home/wwwroot/stbweb/public/../appls/home/view/index/index.html [ array (
) ]
[ info ] [ LOG ] INIT File
---------------------------------------------------------------
[ 2018-04-18T19:37:25+08:00 ] 47.92.71.118 GET /
[ info ] shitangba.com/ [运行时间：0.021147s][吞吐率：47.29req/s] [内存消耗：2,064.93kb] [文件加载：40]
[ info ] [ LANG ] /home/wwwroot/stbweb/thinkphp/lang/zh-cn.php
[ info ] [ ROUTE ] array (
  'type' => 'module',
  'module' => 
  array (
    0 => '',
    1 => NULL,
    2 => NULL,
  ),
)
[ info ] [ HEADER ] array (
  'user-agent' => 'Mozilla/5.0 (X11; Ubuntu; Linux x86_64; rv:36.0) Gecko/20100101 Firefox/36.0',
  'host' => 'shitangba.com',
  'accept' => 'text/html, image/gif, image/jpeg, *; q=.2, */*; q=.2',
  'connection' => 'keep-alive',
  'content-type' => '',
  'content-length' => '',
)
[ info ] [ PARAM ] array (
)
[ info ] [ RUN ] app\home\controller\Index->index[ /home/wwwroot/stbweb/appls/home/controller/Index.php ]
[ info ] [ VIEW ] /home/wwwroot/stbweb/public/../appls/home/view/index/index.html [ array (
) ]
[ info ] [ LOG ] INIT File
---------------------------------------------------------------
[ 2018-04-18T22:36:33+08:00 ] 101.41.62.238 GET /
[ info ] shitangba.com/ [运行时间：0.021198s][吞吐率：47.17req/s] [内存消耗：2,064.71kb] [文件加载：40]
[ info ] [ LANG ] /home/wwwroot/stbweb/thinkphp/lang/zh-cn.php
[ info ] [ ROUTE ] array (
  'type' => 'module',
  'module' => 
  array (
    0 => '',
    1 => NULL,
    2 => NULL,
  ),
)
[ info ] [ HEADER ] array (
  'user-agent' => 'Baiduspider+(+http://www.baidu.com/search/spider.htm)',
  'accept' => '*/*',
  'accept-language' => 'zh-cn,en-us;q=0.5',
  'host' => 'shitangba.com',
  'connection' => 'Keep-Alive',
  'content-type' => '',
  'content-length' => '',
)
[ info ] [ PARAM ] array (
)
[ info ] [ RUN ] app\home\controller\Index->index[ /home/wwwroot/stbweb/appls/home/controller/Index.php ]
[ info ] [ VIEW ] /home/wwwroot/stbweb/public/../appls/home/view/index/index.html [ array (
) ]
[ info ] [ LOG ] INIT File
---------------------------------------------------------------
[ 2018-04-18T22:36:35+08:00 ] 101.41.62.238 GET /
[ info ] shitangba.com/ [运行时间：0.019383s][吞吐率：51.59req/s] [内存消耗：2,064.52kb] [文件加载：40]
[ info ] [ LANG ] /home/wwwroot/stbweb/thinkphp/lang/zh-cn.php
[ info ] [ ROUTE ] array (
  'type' => 'module',
  'module' => 
  array (
    0 => '',
    1 => NULL,
    2 => NULL,
  ),
)
[ info ] [ HEADER ] array (
  'user-agent' => 'Baiduspider+(+http://www.baidu.com/search/spider.htm)',
  'accept' => '*/*',
  'accept-language' => 'zh-cn,en-us;q=0.5',
  'host' => 'shitangba.com',
  'content-type' => '',
  'content-length' => '',
)
[ info ] [ PARAM ] array (
)
[ info ] [ RUN ] app\home\controller\Index->index[ /home/wwwroot/stbweb/appls/home/controller/Index.php ]
[ info ] [ VIEW ] /home/wwwroot/stbweb/public/../appls/home/view/index/index.html [ array (
) ]
[ info ] [ LOG ] INIT File
