---------------------------------------------------------------
[ 2018-04-26T00:41:55+08:00 ] 183.136.190.62 GET /
[ info ] shitangba.com/ [运行时间：0.019681s][吞吐率：50.81req/s] [内存消耗：2,065.11kb] [文件加载：40]
[ info ] [ LANG ] /home/wwwroot/stbweb/thinkphp/lang/zh-cn.php
[ info ] [ ROUTE ] array (
  'type' => 'module',
  'module' => 
  array (
    0 => '',
    1 => NULL,
    2 => NULL,
  ),
)
[ info ] [ HEADER ] array (
  'accept' => 'text/html,application/xhtml+xml,application/xml;q=0.9,*/*;q=0.8',
  'user-agent' => 'Mozilla/5.0 (Windows NT 6.1) AppleWebKit/537.31 (KHTML, like Gecko) PhantomJS/19.0',
  'connection' => 'Keep-Alive',
  'accept-encoding' => 'gzip, deflate',
  'accept-language' => 'zh-CN,en,*',
  'host' => 'shitangba.com',
  'content-type' => '',
  'content-length' => '',
)
[ info ] [ PARAM ] array (
)
[ info ] [ RUN ] app\home\controller\Index->index[ /home/wwwroot/stbweb/appls/home/controller/Index.php ]
[ info ] [ VIEW ] /home/wwwroot/stbweb/public/../appls/home/view/index/index.html [ array (
) ]
[ info ] [ LOG ] INIT File
---------------------------------------------------------------
[ 2018-04-26T00:41:56+08:00 ] 183.136.190.62 GET /
[ info ] www.shitangba.com/ [运行时间：0.019667s][吞吐率：50.85req/s] [内存消耗：2,065.23kb] [文件加载：40]
[ info ] [ LANG ] /home/wwwroot/stbweb/thinkphp/lang/zh-cn.php
[ info ] [ ROUTE ] array (
  'type' => 'module',
  'module' => 
  array (
    0 => '',
    1 => NULL,
    2 => NULL,
  ),
)
[ info ] [ HEADER ] array (
  'accept' => 'text/html,application/xhtml+xml,application/xml;q=0.9,*/*;q=0.8',
  'user-agent' => 'Mozilla/5.0 (Windows NT 6.1) AppleWebKit/537.31 (KHTML, like Gecko) PhantomJS/19.0',
  'connection' => 'Keep-Alive',
  'accept-encoding' => 'gzip, deflate',
  'accept-language' => 'zh-CN,en,*',
  'host' => 'www.shitangba.com',
  'content-type' => '',
  'content-length' => '',
)
[ info ] [ PARAM ] array (
)
[ info ] [ RUN ] app\home\controller\Index->index[ /home/wwwroot/stbweb/appls/home/controller/Index.php ]
[ info ] [ VIEW ] /home/wwwroot/stbweb/public/../appls/home/view/index/index.html [ array (
) ]
[ info ] [ LOG ] INIT File
---------------------------------------------------------------
[ 2018-04-26T00:41:57+08:00 ] 183.136.190.62 GET /
[ info ] shitangba.com/ [运行时间：0.019939s][吞吐率：50.15req/s] [内存消耗：2,065.18kb] [文件加载：40]
[ info ] [ LANG ] /home/wwwroot/stbweb/thinkphp/lang/zh-cn.php
[ info ] [ ROUTE ] array (
  'type' => 'module',
  'module' => 
  array (
    0 => '',
    1 => NULL,
    2 => NULL,
  ),
)
[ info ] [ HEADER ] array (
  'user-agent' => 'Mozilla/4.0',
  'accept' => 'text/xml,application/xml,application/xhtml+xml,text/html;q=0.9,text/plain;q=0.8,image/png,*/*;q=0.5',
  'accept-language' => 'zh-cn,zh;q=0.5',
  'accept-charset' => 'gb2312,utf-8;q=0.7,*;q=0.7',
  'host' => 'shitangba.com',
  'connection' => 'keep-alive',
  'content-type' => '',
  'content-length' => '',
)
[ info ] [ PARAM ] array (
)
[ info ] [ RUN ] app\home\controller\Index->index[ /home/wwwroot/stbweb/appls/home/controller/Index.php ]
[ info ] [ VIEW ] /home/wwwroot/stbweb/public/../appls/home/view/index/index.html [ array (
) ]
[ info ] [ LOG ] INIT File
---------------------------------------------------------------
[ 2018-04-26T01:26:32+08:00 ] 101.41.62.238 GET /
[ info ] shitangba.com/ [运行时间：0.019983s][吞吐率：50.04req/s] [内存消耗：2,064.71kb] [文件加载：40]
[ info ] [ LANG ] /home/wwwroot/stbweb/thinkphp/lang/zh-cn.php
[ info ] [ ROUTE ] array (
  'type' => 'module',
  'module' => 
  array (
    0 => '',
    1 => NULL,
    2 => NULL,
  ),
)
[ info ] [ HEADER ] array (
  'user-agent' => 'Baiduspider+(+http://www.baidu.com/search/spider.htm)',
  'accept' => '*/*',
  'accept-language' => 'zh-cn,en-us;q=0.5',
  'host' => 'shitangba.com',
  'connection' => 'Keep-Alive',
  'content-type' => '',
  'content-length' => '',
)
[ info ] [ PARAM ] array (
)
[ info ] [ RUN ] app\home\controller\Index->index[ /home/wwwroot/stbweb/appls/home/controller/Index.php ]
[ info ] [ VIEW ] /home/wwwroot/stbweb/public/../appls/home/view/index/index.html [ array (
) ]
[ info ] [ LOG ] INIT File
---------------------------------------------------------------
[ 2018-04-26T01:26:32+08:00 ] 101.41.62.238 GET /
[ info ] shitangba.com/ [运行时间：0.019715s][吞吐率：50.72req/s] [内存消耗：2,064.52kb] [文件加载：40]
[ info ] [ LANG ] /home/wwwroot/stbweb/thinkphp/lang/zh-cn.php
[ info ] [ ROUTE ] array (
  'type' => 'module',
  'module' => 
  array (
    0 => '',
    1 => NULL,
    2 => NULL,
  ),
)
[ info ] [ HEADER ] array (
  'user-agent' => 'Baiduspider+(+http://www.baidu.com/search/spider.htm)',
  'accept' => '*/*',
  'accept-language' => 'zh-cn,en-us;q=0.5',
  'host' => 'shitangba.com',
  'content-type' => '',
  'content-length' => '',
)
[ info ] [ PARAM ] array (
)
[ info ] [ RUN ] app\home\controller\Index->index[ /home/wwwroot/stbweb/appls/home/controller/Index.php ]
[ info ] [ VIEW ] /home/wwwroot/stbweb/public/../appls/home/view/index/index.html [ array (
) ]
[ info ] [ LOG ] INIT File
---------------------------------------------------------------
[ 2018-04-26T08:40:39+08:00 ] 106.11.226.57 GET /
[ info ] shitangba.com/ [运行时间：0.020177s][吞吐率：49.56req/s] [内存消耗：2,065.50kb] [文件加载：40]
[ info ] [ LANG ] /home/wwwroot/stbweb/thinkphp/lang/zh-cn.php
[ info ] [ ROUTE ] array (
  'type' => 'module',
  'module' => 
  array (
    0 => '',
    1 => NULL,
    2 => NULL,
  ),
)
[ info ] [ HEADER ] array (
  'accept-encoding' => 'gzip',
  'user-agent' => 'Mozilla/5.0 (iPad; CPU OS 9_1 like Mac OS X) AppleWebKit/601.1.46 (KHTML, like Gecko) Version/9.0 Mobile/13B143 Safari/601.1',
  'cache-control' => 'no-cache',
  'pragma' => 'no-cache',
  'host' => 'shitangba.com',
  'accept' => 'text/html, image/gif, image/jpeg, *; q=.2, */*; q=.2',
  'connection' => 'keep-alive',
  'content-type' => '',
  'content-length' => '',
)
[ info ] [ PARAM ] array (
)
[ info ] [ RUN ] app\home\controller\Index->index[ /home/wwwroot/stbweb/appls/home/controller/Index.php ]
[ info ] [ VIEW ] /home/wwwroot/stbweb/public/../appls/home/view/index/index.html [ array (
) ]
[ info ] [ LOG ] INIT File
---------------------------------------------------------------
[ 2018-04-26T08:54:41+08:00 ] 51.15.49.27 GET /
[ info ] shitangba.com/ [运行时间：0.019777s][吞吐率：50.56req/s] [内存消耗：2,064.47kb] [文件加载：40]
[ info ] [ LANG ] /home/wwwroot/stbweb/thinkphp/lang/zh-cn.php
[ info ] [ ROUTE ] array (
  'type' => 'module',
  'module' => 
  array (
    0 => '',
    1 => NULL,
    2 => NULL,
  ),
)
[ info ] [ HEADER ] array (
  'host' => 'shitangba.com',
  'user-agent' => 'Go-http-client/1.1',
  'accept-encoding' => 'gzip',
  'connection' => 'close',
  'content-type' => '',
  'content-length' => '',
)
[ info ] [ PARAM ] array (
)
[ info ] [ RUN ] app\home\controller\Index->index[ /home/wwwroot/stbweb/appls/home/controller/Index.php ]
[ info ] [ VIEW ] /home/wwwroot/stbweb/public/../appls/home/view/index/index.html [ array (
) ]
[ info ] [ LOG ] INIT File
---------------------------------------------------------------
[ 2018-04-26T13:00:03+08:00 ] 183.136.190.62 GET /
[ info ] shitangba.com/ [运行时间：0.020117s][吞吐率：49.71req/s] [内存消耗：2,065.51kb] [文件加载：40]
[ info ] [ LANG ] /home/wwwroot/stbweb/thinkphp/lang/zh-cn.php
[ info ] [ ROUTE ] array (
  'type' => 'module',
  'module' => 
  array (
    0 => '',
    1 => NULL,
    2 => NULL,
  ),
)
[ info ] [ HEADER ] array (
  'host' => 'shitangba.com',
  'user-agent' => 'Mozilla/5.0 (Windows NT 6.1) AppleWebKit/537.36 (KHTML, like Gecko) Chrome/35.0.1916.153 Safari/537.36',
  'accept' => 'text/html,application/xhtml+xml,application/xml;q=0.9,image/webp,*/*;q=0.8',
  'accept-encoding' => '',
  'accept-language' => 'zh-CN,zh;q=0.8',
  'cache-control' => 'max-age=0',
  'connection' => 'close',
  'content-type' => '',
  'content-length' => '',
)
[ info ] [ PARAM ] array (
)
[ info ] [ RUN ] app\home\controller\Index->index[ /home/wwwroot/stbweb/appls/home/controller/Index.php ]
[ info ] [ VIEW ] /home/wwwroot/stbweb/public/../appls/home/view/index/index.html [ array (
) ]
[ info ] [ LOG ] INIT File
---------------------------------------------------------------
[ 2018-04-26T13:23:16+08:00 ] 120.25.208.128 GET /
[ info ] www.shitangba.com/ [运行时间：0.021252s][吞吐率：47.05req/s] [内存消耗：2,064.50kb] [文件加载：40]
[ info ] [ LANG ] /home/wwwroot/stbweb/thinkphp/lang/zh-cn.php
[ info ] [ ROUTE ] array (
  'type' => 'module',
  'module' => 
  array (
    0 => '',
    1 => NULL,
    2 => NULL,
  ),
)
[ info ] [ HEADER ] array (
  'host' => 'www.shitangba.com',
  'user-agent' => 'Mozilla/5.0 (Windows NT 10.0; Win64; x64) AppleWebKit/537.36 (KHTML, like Gecko) Chrome/53.0.2785.143 Safari/537.36',
  'accept' => '*/*',
  'accept-encoding' => 'gzip,deflate',
  'content-type' => '',
  'content-length' => '',
)
[ info ] [ PARAM ] array (
)
[ info ] [ RUN ] app\home\controller\Index->index[ /home/wwwroot/stbweb/appls/home/controller/Index.php ]
[ info ] [ VIEW ] /home/wwwroot/stbweb/public/../appls/home/view/index/index.html [ array (
) ]
[ info ] [ LOG ] INIT File
---------------------------------------------------------------
[ 2018-04-26T13:24:22+08:00 ] 51.15.49.27 GET /
[ info ] shitangba.com/ [运行时间：0.019893s][吞吐率：50.27req/s] [内存消耗：2,064.47kb] [文件加载：40]
[ info ] [ LANG ] /home/wwwroot/stbweb/thinkphp/lang/zh-cn.php
[ info ] [ ROUTE ] array (
  'type' => 'module',
  'module' => 
  array (
    0 => '',
    1 => NULL,
    2 => NULL,
  ),
)
[ info ] [ HEADER ] array (
  'host' => 'shitangba.com',
  'user-agent' => 'Go-http-client/1.1',
  'accept-encoding' => 'gzip',
  'connection' => 'close',
  'content-type' => '',
  'content-length' => '',
)
[ info ] [ PARAM ] array (
)
[ info ] [ RUN ] app\home\controller\Index->index[ /home/wwwroot/stbweb/appls/home/controller/Index.php ]
[ info ] [ VIEW ] /home/wwwroot/stbweb/public/../appls/home/view/index/index.html [ array (
) ]
[ info ] [ LOG ] INIT File
---------------------------------------------------------------
[ 2018-04-26T14:32:27+08:00 ] 66.249.66.70 GET /
[ info ] www.shitangba.com/ [运行时间：0.020272s][吞吐率：49.33req/s] [内存消耗：2,065.27kb] [文件加载：40]
[ info ] [ LANG ] /home/wwwroot/stbweb/thinkphp/lang/zh-cn.php
[ info ] [ ROUTE ] array (
  'type' => 'module',
  'module' => 
  array (
    0 => '',
    1 => NULL,
    2 => NULL,
  ),
)
[ info ] [ HEADER ] array (
  'host' => 'www.shitangba.com',
  'connection' => 'keep-alive',
  'accept' => 'text/html,application/xhtml+xml,application/xml;q=0.9,*/*;q=0.8',
  'from' => 'googlebot(at)googlebot.com',
  'user-agent' => 'Mozilla/5.0 (compatible; Googlebot/2.1; +http://www.google.com/bot.html)',
  'accept-encoding' => 'gzip,deflate,br',
  'content-type' => '',
  'content-length' => '',
)
[ info ] [ PARAM ] array (
)
[ info ] [ RUN ] app\home\controller\Index->index[ /home/wwwroot/stbweb/appls/home/controller/Index.php ]
[ info ] [ VIEW ] /home/wwwroot/stbweb/public/../appls/home/view/index/index.html [ array (
) ]
[ info ] [ LOG ] INIT File
---------------------------------------------------------------
[ 2018-04-26T14:59:08+08:00 ] 112.65.61.201 GET /
[ info ] www.shitangba.com/ [运行时间：0.021383s][吞吐率：46.77req/s] [内存消耗：2,066.48kb] [文件加载：40]
[ info ] [ LANG ] /home/wwwroot/stbweb/thinkphp/lang/zh-cn.php
[ info ] [ ROUTE ] array (
  'type' => 'module',
  'module' => 
  array (
    0 => '',
    1 => NULL,
    2 => NULL,
  ),
)
[ info ] [ HEADER ] array (
  'accept' => 'text/html,application/xhtml+xml,application/xml;q=0.9,image/webp,image/apng,image/wxpic,image/sharpp,image/apng,*/*;q=0.8',
  'accept-encoding' => 'gzip',
  'accept-language' => 'zh-CN,en-US;q=0.8',
  'connection' => 'close',
  'host' => 'www.shitangba.com',
  'user-agent' => 'Mozilla/5.0 (Linux; Android 7.0; SM-G930F Build/NRD90M; wv) AppleWebKit/537.36 (KHTML, like Gecko) Version/4.0 Chrome/57.0.2987.132 MQQBrowser/6.2 TBS/044030 Mobile Safari/537.36 MicroMessenger/6.6.5.1280(0x26060536) NetType/4G Language/zh_CN',
  'x-forwarded-for' => '112.65.61.201',
  'x-forwarded-for-pound' => '112.65.61.201',
  'content-type' => '',
  'content-length' => '',
)
[ info ] [ PARAM ] array (
)
[ info ] [ RUN ] app\home\controller\Index->index[ /home/wwwroot/stbweb/appls/home/controller/Index.php ]
[ info ] [ VIEW ] /home/wwwroot/stbweb/public/../appls/home/view/index/index.html [ array (
) ]
[ info ] [ LOG ] INIT File
---------------------------------------------------------------
[ 2018-04-26T15:00:07+08:00 ] 101.226.233.158 GET /
[ info ] www.shitangba.com/ [运行时间：0.019904s][吞吐率：50.24req/s] [内存消耗：2,065.45kb] [文件加载：40]
[ info ] [ LANG ] /home/wwwroot/stbweb/thinkphp/lang/zh-cn.php
[ info ] [ ROUTE ] array (
  'type' => 'module',
  'module' => 
  array (
    0 => '',
    1 => NULL,
    2 => NULL,
  ),
)
[ info ] [ HEADER ] array (
  'user-agent' => 'Mozilla/5.0 (Windows NT 6.1; WOW64) AppleWebKit/537.36 (KHTML, like Gecko) Chrome/39.0.2171.95 Safari/537.36 MicroMessenger/6.5.2.501 NetType/WIFI WindowsWechat QBCore/3.43.27.400 QQBrowser/9.0.2524.400',
  'accept' => '*/*',
  'accept-language' => 'zh-CN,zh;q=0.8,en-US;q=0.6,en;q=0.4',
  'host' => 'www.shitangba.com',
  'connection' => 'keep-alive',
  'content-type' => '',
  'content-length' => '',
)
[ info ] [ PARAM ] array (
)
[ info ] [ RUN ] app\home\controller\Index->index[ /home/wwwroot/stbweb/appls/home/controller/Index.php ]
[ info ] [ VIEW ] /home/wwwroot/stbweb/public/../appls/home/view/index/index.html [ array (
) ]
[ info ] [ LOG ] INIT File
---------------------------------------------------------------
[ 2018-04-26T15:00:07+08:00 ] 101.227.131.220 GET /
[ info ] www.shitangba.com/ [运行时间：0.020049s][吞吐率：49.88req/s] [内存消耗：2,065.24kb] [文件加载：40]
[ info ] [ LANG ] /home/wwwroot/stbweb/thinkphp/lang/zh-cn.php
[ info ] [ ROUTE ] array (
  'type' => 'module',
  'module' => 
  array (
    0 => '',
    1 => NULL,
    2 => NULL,
  ),
)
[ info ] [ HEADER ] array (
  'user-agent' => 'Mozilla/5.0 (iPhone; CPU iPhone OS 10_2_1 like Mac OS X) AppleWebKit/602.4.6 (KHTML, like Gecko) Mobile/14D27 MicroMessenger/6.5.5 NetType/WIFI Language/zh_CN',
  'accept' => '*/*',
  'accept-language' => 'zh-CN,zh;q=0.8,en-US;q=0.6,en;q=0.4',
  'host' => 'www.shitangba.com',
  'connection' => 'keep-alive',
  'content-type' => '',
  'content-length' => '',
)
[ info ] [ PARAM ] array (
)
[ info ] [ RUN ] app\home\controller\Index->index[ /home/wwwroot/stbweb/appls/home/controller/Index.php ]
[ info ] [ VIEW ] /home/wwwroot/stbweb/public/../appls/home/view/index/index.html [ array (
) ]
[ info ] [ LOG ] INIT File
---------------------------------------------------------------
[ 2018-04-26T15:00:11+08:00 ] 61.151.226.62 GET /
[ info ] www.shitangba.com/ [运行时间：0.019914s][吞吐率：50.22req/s] [内存消耗：2,065.59kb] [文件加载：40]
[ info ] [ LANG ] /home/wwwroot/stbweb/thinkphp/lang/zh-cn.php
[ info ] [ ROUTE ] array (
  'type' => 'module',
  'module' => 
  array (
    0 => '',
    1 => NULL,
    2 => NULL,
  ),
)
[ info ] [ HEADER ] array (
  'accept' => 'text/html,application/xhtml+xml,application/xml;q=0.9,*/*;q=0.8',
  'referer' => '',
  'user-agent' => 'Mozilla/5.0 (iPhone; CPU iPhone OS 8_4 like Mac OS X) AppleWebKit/600.1.4 (KHTML, like Gecko) Version/8.0 Mobile/12H143 Safari/600.1.4',
  'accept-encoding' => 'gzip, deflate',
  'accept-language' => 'en,*',
  'host' => 'www.shitangba.com',
  'connection' => 'keep-alive',
  'content-type' => '',
  'content-length' => '',
)
[ info ] [ PARAM ] array (
)
[ info ] [ RUN ] app\home\controller\Index->index[ /home/wwwroot/stbweb/appls/home/controller/Index.php ]
[ info ] [ VIEW ] /home/wwwroot/stbweb/public/../appls/home/view/index/index.html [ array (
) ]
[ info ] [ LOG ] INIT File
---------------------------------------------------------------
[ 2018-04-26T15:02:45+08:00 ] 112.65.61.201 GET /
[ info ] www.shitangba.com/ [运行时间：0.021269s][吞吐率：47.02req/s] [内存消耗：2,066.48kb] [文件加载：40]
[ info ] [ LANG ] /home/wwwroot/stbweb/thinkphp/lang/zh-cn.php
[ info ] [ ROUTE ] array (
  'type' => 'module',
  'module' => 
  array (
    0 => '',
    1 => NULL,
    2 => NULL,
  ),
)
[ info ] [ HEADER ] array (
  'accept' => 'text/html,application/xhtml+xml,application/xml;q=0.9,image/webp,image/apng,image/wxpic,image/sharpp,image/apng,*/*;q=0.8',
  'accept-encoding' => 'gzip',
  'accept-language' => 'zh-CN,en-US;q=0.8',
  'connection' => 'close',
  'host' => 'www.shitangba.com',
  'user-agent' => 'Mozilla/5.0 (Linux; Android 7.0; SM-G930F Build/NRD90M; wv) AppleWebKit/537.36 (KHTML, like Gecko) Version/4.0 Chrome/57.0.2987.132 MQQBrowser/6.2 TBS/044030 Mobile Safari/537.36 MicroMessenger/6.6.5.1280(0x26060536) NetType/4G Language/zh_CN',
  'x-forwarded-for' => '112.65.61.201',
  'x-forwarded-for-pound' => '112.65.61.201',
  'content-type' => '',
  'content-length' => '',
)
[ info ] [ PARAM ] array (
)
[ info ] [ RUN ] app\home\controller\Index->index[ /home/wwwroot/stbweb/appls/home/controller/Index.php ]
[ info ] [ VIEW ] /home/wwwroot/stbweb/public/../appls/home/view/index/index.html [ array (
) ]
[ info ] [ LOG ] INIT File
---------------------------------------------------------------
[ 2018-04-26T15:05:55+08:00 ] 49.52.44.44 GET /
[ info ] shitangba.com/ [运行时间：0.020079s][吞吐率：49.80req/s] [内存消耗：2,065.87kb] [文件加载：40]
[ info ] [ LANG ] /home/wwwroot/stbweb/thinkphp/lang/zh-cn.php
[ info ] [ ROUTE ] array (
  'type' => 'module',
  'module' => 
  array (
    0 => '',
    1 => NULL,
    2 => NULL,
  ),
)
[ info ] [ HEADER ] array (
  'host' => 'shitangba.com',
  'connection' => 'keep-alive',
  'accept' => 'text/html,application/xhtml+xml,application/xml;q=0.9,image/webp,*/*;q=0.8',
  'upgrade-insecure-requests' => '1',
  'user-agent' => 'Mozilla/5.0 (iPhone; CPU iPhone OS 9_1 like Mac OS X) AppleWebKit/601.1.46 (KHTML, like Gecko) Version/9.0 Mobile/13B143 Safari/601.1 wechatdevtools/0.7.0 MicroMessenger/6.3.9 Language/zh_CN webview/0',
  'accept-encoding' => 'gzip, deflate, sdch',
  'accept-language' => 'zh-CN,zh;q=0.8',
  'content-type' => '',
  'content-length' => '',
)
[ info ] [ PARAM ] array (
)
[ info ] [ RUN ] app\home\controller\Index->index[ /home/wwwroot/stbweb/appls/home/controller/Index.php ]
[ info ] [ VIEW ] /home/wwwroot/stbweb/public/../appls/home/view/index/index.html [ array (
) ]
[ info ] [ LOG ] INIT File
---------------------------------------------------------------
[ 2018-04-26T15:07:09+08:00 ] 49.52.44.44 GET /
[ info ] shitangba.com/ [运行时间：0.019766s][吞吐率：50.59req/s] [内存消耗：2,066.23kb] [文件加载：40]
[ info ] [ LANG ] /home/wwwroot/stbweb/thinkphp/lang/zh-cn.php
[ info ] [ ROUTE ] array (
  'type' => 'module',
  'module' => 
  array (
    0 => '',
    1 => NULL,
    2 => NULL,
  ),
)
[ info ] [ HEADER ] array (
  'host' => 'shitangba.com',
  'connection' => 'keep-alive',
  'cache-control' => 'max-age=0',
  'accept' => 'text/html,application/xhtml+xml,application/xml;q=0.9,image/webp,*/*;q=0.8',
  'upgrade-insecure-requests' => '1',
  'user-agent' => 'Mozilla/5.0 (iPhone; CPU iPhone OS 9_1 like Mac OS X) AppleWebKit/601.1.46 (KHTML, like Gecko) Version/9.0 Mobile/13B143 Safari/601.1 wechatdevtools/0.7.0 MicroMessenger/6.3.9 Language/zh_CN webview/0',
  'accept-encoding' => 'gzip, deflate, sdch',
  'accept-language' => 'zh-CN,zh;q=0.8',
  'content-type' => '',
  'content-length' => '',
)
[ info ] [ PARAM ] array (
)
[ info ] [ RUN ] app\home\controller\Index->index[ /home/wwwroot/stbweb/appls/home/controller/Index.php ]
[ info ] [ VIEW ] /home/wwwroot/stbweb/public/../appls/home/view/index/index.html [ array (
) ]
[ info ] [ LOG ] INIT File
---------------------------------------------------------------
[ 2018-04-26T15:08:00+08:00 ] 49.52.44.44 GET /
[ info ] shitangba.com/ [运行时间：0.021949s][吞吐率：45.56req/s] [内存消耗：2,255.35kb] [文件加载：42]
[ info ] [ LANG ] /home/wwwroot/stbweb/thinkphp/lang/zh-cn.php
[ info ] [ ROUTE ] array (
  'type' => 'module',
  'module' => 
  array (
    0 => '',
    1 => NULL,
    2 => NULL,
  ),
)
[ info ] [ HEADER ] array (
  'host' => 'shitangba.com',
  'connection' => 'keep-alive',
  'cache-control' => 'max-age=0',
  'accept' => 'text/html,application/xhtml+xml,application/xml;q=0.9,image/webp,*/*;q=0.8',
  'upgrade-insecure-requests' => '1',
  'user-agent' => 'Mozilla/5.0 (iPhone; CPU iPhone OS 9_1 like Mac OS X) AppleWebKit/601.1.46 (KHTML, like Gecko) Version/9.0 Mobile/13B143 Safari/601.1 wechatdevtools/0.7.0 MicroMessenger/6.3.9 Language/zh_CN webview/0',
  'accept-encoding' => 'gzip, deflate, sdch',
  'accept-language' => 'zh-CN,zh;q=0.8',
  'content-type' => '',
  'content-length' => '',
)
[ info ] [ PARAM ] array (
)
[ info ] [ RUN ] app\home\controller\Index->index[ /home/wwwroot/stbweb/appls/home/controller/Index.php ]
[ info ] [ VIEW ] /home/wwwroot/stbweb/public/../appls/home/view/index/index.html [ array (
) ]
[ info ] [ LOG ] INIT File
---------------------------------------------------------------
[ 2018-04-26T15:08:24+08:00 ] 49.52.44.44 GET /
[ info ] shitangba.com/ [运行时间：0.020023s][吞吐率：49.94req/s] [内存消耗：2,065.87kb] [文件加载：40]
[ info ] [ LANG ] /home/wwwroot/stbweb/thinkphp/lang/zh-cn.php
[ info ] [ ROUTE ] array (
  'type' => 'module',
  'module' => 
  array (
    0 => '',
    1 => NULL,
    2 => NULL,
  ),
)
[ info ] [ HEADER ] array (
  'host' => 'shitangba.com',
  'connection' => 'keep-alive',
  'accept' => 'text/html,application/xhtml+xml,application/xml;q=0.9,image/webp,*/*;q=0.8',
  'upgrade-insecure-requests' => '1',
  'user-agent' => 'Mozilla/5.0 (iPhone; CPU iPhone OS 9_1 like Mac OS X) AppleWebKit/601.1.46 (KHTML, like Gecko) Version/9.0 Mobile/13B143 Safari/601.1 wechatdevtools/0.7.0 MicroMessenger/6.3.9 Language/zh_CN webview/0',
  'accept-encoding' => 'gzip, deflate, sdch',
  'accept-language' => 'zh-CN,zh;q=0.8',
  'content-type' => '',
  'content-length' => '',
)
[ info ] [ PARAM ] array (
)
[ info ] [ RUN ] app\home\controller\Index->index[ /home/wwwroot/stbweb/appls/home/controller/Index.php ]
[ info ] [ VIEW ] /home/wwwroot/stbweb/public/../appls/home/view/index/index.html [ array (
) ]
[ info ] [ LOG ] INIT File
---------------------------------------------------------------
[ 2018-04-26T15:10:35+08:00 ] 49.52.44.44 GET /
[ info ] shitangba.com/ [运行时间：0.021889s][吞吐率：45.69req/s] [内存消耗：2,255.46kb] [文件加载：42]
[ info ] [ LANG ] /home/wwwroot/stbweb/thinkphp/lang/zh-cn.php
[ info ] [ ROUTE ] array (
  'type' => 'module',
  'module' => 
  array (
    0 => '',
    1 => NULL,
    2 => NULL,
  ),
)
[ info ] [ HEADER ] array (
  'host' => 'shitangba.com',
  'connection' => 'keep-alive',
  'cache-control' => 'max-age=0',
  'accept' => 'text/html,application/xhtml+xml,application/xml;q=0.9,image/webp,*/*;q=0.8',
  'upgrade-insecure-requests' => '1',
  'user-agent' => 'Mozilla/5.0 (iPhone; CPU iPhone OS 9_1 like Mac OS X) AppleWebKit/601.1.46 (KHTML, like Gecko) Version/9.0 Mobile/13B143 Safari/601.1 wechatdevtools/0.7.0 MicroMessenger/6.3.9 Language/zh_CN webview/0',
  'accept-encoding' => 'gzip, deflate, sdch',
  'accept-language' => 'zh-CN,zh;q=0.8',
  'content-type' => '',
  'content-length' => '',
)
[ info ] [ PARAM ] array (
)
[ info ] [ RUN ] app\home\controller\Index->index[ /home/wwwroot/stbweb/appls/home/controller/Index.php ]
[ info ] [ VIEW ] /home/wwwroot/stbweb/public/../appls/home/view/index/index.html [ array (
) ]
[ info ] [ LOG ] INIT File
---------------------------------------------------------------
[ 2018-04-26T15:11:24+08:00 ] 49.52.44.44 GET /
[ info ] shitangba.com/ [运行时间：0.022571s][吞吐率：44.30req/s] [内存消耗：2,255.46kb] [文件加载：42]
[ info ] [ LANG ] /home/wwwroot/stbweb/thinkphp/lang/zh-cn.php
[ info ] [ ROUTE ] array (
  'type' => 'module',
  'module' => 
  array (
    0 => '',
    1 => NULL,
    2 => NULL,
  ),
)
[ info ] [ HEADER ] array (
  'host' => 'shitangba.com',
  'connection' => 'keep-alive',
  'cache-control' => 'max-age=0',
  'accept' => 'text/html,application/xhtml+xml,application/xml;q=0.9,image/webp,*/*;q=0.8',
  'upgrade-insecure-requests' => '1',
  'user-agent' => 'Mozilla/5.0 (iPhone; CPU iPhone OS 9_1 like Mac OS X) AppleWebKit/601.1.46 (KHTML, like Gecko) Version/9.0 Mobile/13B143 Safari/601.1 wechatdevtools/0.7.0 MicroMessenger/6.3.9 Language/zh_CN webview/0',
  'accept-encoding' => 'gzip, deflate, sdch',
  'accept-language' => 'zh-CN,zh;q=0.8',
  'content-type' => '',
  'content-length' => '',
)
[ info ] [ PARAM ] array (
)
[ info ] [ RUN ] app\home\controller\Index->index[ /home/wwwroot/stbweb/appls/home/controller/Index.php ]
[ info ] [ VIEW ] /home/wwwroot/stbweb/public/../appls/home/view/index/index.html [ array (
) ]
[ info ] [ LOG ] INIT File
---------------------------------------------------------------
[ 2018-04-26T15:12:13+08:00 ] 112.65.61.201 GET /
[ info ] www.shitangba.com/ [运行时间：0.020194s][吞吐率：49.52req/s] [内存消耗：2,066.45kb] [文件加载：40]
[ info ] [ LANG ] /home/wwwroot/stbweb/thinkphp/lang/zh-cn.php
[ info ] [ ROUTE ] array (
  'type' => 'module',
  'module' => 
  array (
    0 => '',
    1 => NULL,
    2 => NULL,
  ),
)
[ info ] [ HEADER ] array (
  'accept' => 'text/html,application/xhtml+xml,application/xml;q=0.9,image/webp,image/apng,image/wxpic,image/sharpp,image/apng,*/*;q=0.8',
  'accept-encoding' => 'gzip',
  'accept-language' => 'zh-CN,en-US;q=0.8',
  'connection' => 'close',
  'host' => 'www.shitangba.com',
  'user-agent' => 'Mozilla/5.0 (Linux; Android 7.0; SM-G930F Build/NRD90M; wv) AppleWebKit/537.36 (KHTML, like Gecko) Version/4.0 Chrome/57.0.2987.132 MQQBrowser/6.2 TBS/044030 Mobile Safari/537.36 MicroMessenger/6.6.5.1280(0x26060536) NetType/4G Language/zh_CN',
  'x-forwarded-for' => '112.65.61.201',
  'x-forwarded-for-pound' => '112.65.61.201',
  'content-type' => '',
  'content-length' => '',
)
[ info ] [ PARAM ] array (
)
[ info ] [ RUN ] app\home\controller\Index->index[ /home/wwwroot/stbweb/appls/home/controller/Index.php ]
[ info ] [ VIEW ] /home/wwwroot/stbweb/public/../appls/home/view/index/index.html [ array (
) ]
[ info ] [ LOG ] INIT File
---------------------------------------------------------------
[ 2018-04-26T15:12:34+08:00 ] 112.65.61.201 GET /
[ info ] www.shitangba.com/ [运行时间：0.019839s][吞吐率：50.41req/s] [内存消耗：2,066.45kb] [文件加载：40]
[ info ] [ LANG ] /home/wwwroot/stbweb/thinkphp/lang/zh-cn.php
[ info ] [ ROUTE ] array (
  'type' => 'module',
  'module' => 
  array (
    0 => '',
    1 => NULL,
    2 => NULL,
  ),
)
[ info ] [ HEADER ] array (
  'accept' => 'text/html,application/xhtml+xml,application/xml;q=0.9,image/webp,image/apng,image/wxpic,image/sharpp,image/apng,*/*;q=0.8',
  'accept-encoding' => 'gzip',
  'accept-language' => 'zh-CN,en-US;q=0.8',
  'connection' => 'close',
  'host' => 'www.shitangba.com',
  'user-agent' => 'Mozilla/5.0 (Linux; Android 7.0; SM-G930F Build/NRD90M; wv) AppleWebKit/537.36 (KHTML, like Gecko) Version/4.0 Chrome/57.0.2987.132 MQQBrowser/6.2 TBS/044030 Mobile Safari/537.36 MicroMessenger/6.6.5.1280(0x26060536) NetType/4G Language/zh_CN',
  'x-forwarded-for' => '112.65.61.201',
  'x-forwarded-for-pound' => '112.65.61.201',
  'content-type' => '',
  'content-length' => '',
)
[ info ] [ PARAM ] array (
)
[ info ] [ RUN ] app\home\controller\Index->index[ /home/wwwroot/stbweb/appls/home/controller/Index.php ]
[ info ] [ VIEW ] /home/wwwroot/stbweb/public/../appls/home/view/index/index.html [ array (
) ]
[ info ] [ LOG ] INIT File
---------------------------------------------------------------
[ 2018-04-26T15:55:01+08:00 ] 66.249.66.68 GET /
[ info ] www.shitangba.com/ [运行时间：0.020997s][吞吐率：47.63req/s] [内存消耗：2,065.84kb] [文件加载：40]
[ info ] [ LANG ] /home/wwwroot/stbweb/thinkphp/lang/zh-cn.php
[ info ] [ ROUTE ] array (
  'type' => 'module',
  'module' => 
  array (
    0 => '',
    1 => NULL,
    2 => NULL,
  ),
)
[ info ] [ HEADER ] array (
  'host' => 'www.shitangba.com',
  'connection' => 'keep-alive',
  'accept' => 'text/html,application/xhtml+xml,application/xml;q=0.9,*/*;q=0.8',
  'from' => 'googlebot(at)googlebot.com',
  'user-agent' => 'Mozilla/5.0 (Linux; Android 6.0.1; Nexus 5X Build/MMB29P) AppleWebKit/537.36 (KHTML, like Gecko) Chrome/41.0.2272.96 Mobile Safari/537.36 (compatible; Googlebot/2.1; +http://www.google.com/bot.html)',
  'accept-encoding' => 'gzip,deflate,br',
  'content-type' => '',
  'content-length' => '',
)
[ info ] [ PARAM ] array (
)
[ info ] [ RUN ] app\home\controller\Index->index[ /home/wwwroot/stbweb/appls/home/controller/Index.php ]
[ info ] [ VIEW ] /home/wwwroot/stbweb/public/../appls/home/view/index/index.html [ array (
) ]
[ info ] [ LOG ] INIT File
---------------------------------------------------------------
[ 2018-04-26T16:52:01+08:00 ] 49.52.44.44 GET /
[ info ] www.shitangba.com/ [运行时间：0.020523s][吞吐率：48.73req/s] [内存消耗：2,065.48kb] [文件加载：40]
[ info ] [ LANG ] /home/wwwroot/stbweb/thinkphp/lang/zh-cn.php
[ info ] [ ROUTE ] array (
  'type' => 'module',
  'module' => 
  array (
    0 => '',
    1 => NULL,
    2 => NULL,
  ),
)
[ info ] [ HEADER ] array (
  'host' => 'www.shitangba.com',
  'connection' => 'keep-alive',
  'accept' => 'text/html,application/xhtml+xml,application/xml;q=0.9,image/webp,*/*;q=0.8',
  'user-agent' => 'Mozilla/5.0 (Windows NT 6.1; WOW64) AppleWebKit/537.36 (KHTML, like Gecko) Chrome/39.0.2171.95 Safari/537.36 MicroMessenger/6.5.2.501 NetType/WIFI WindowsWechat QBCore/3.43.691.400 QQBrowser/9.0.2524.400',
  'accept-encoding' => 'gzip, deflate',
  'accept-language' => 'zh-CN,zh;q=0.8,en-us;q=0.6,en;q=0.5;q=0.4',
  'content-type' => '',
  'content-length' => '',
)
[ info ] [ PARAM ] array (
)
[ info ] [ RUN ] app\home\controller\Index->index[ /home/wwwroot/stbweb/appls/home/controller/Index.php ]
[ info ] [ VIEW ] /home/wwwroot/stbweb/public/../appls/home/view/index/index.html [ array (
) ]
[ info ] [ LOG ] INIT File
---------------------------------------------------------------
[ 2018-04-26T17:20:53+08:00 ] 106.11.242.116 GET /
[ info ] www.shitangba.com/ [运行时间：0.021286s][吞吐率：46.98req/s] [内存消耗：2,065.99kb] [文件加载：40]
[ info ] [ LANG ] /home/wwwroot/stbweb/thinkphp/lang/zh-cn.php
[ info ] [ ROUTE ] array (
  'type' => 'module',
  'module' => 
  array (
    0 => '',
    1 => NULL,
    2 => NULL,
  ),
)
[ info ] [ HEADER ] array (
  'accept-encoding' => 'gzip',
  'user-agent' => 'Mozilla/5.0 (iPad; CPU OS 9_1 like Mac OS X) AppleWebKit/601.1.46 (KHTML, like Gecko) Version/9.0 Mobile/13B143 Safari/601.1',
  'cache-control' => 'no-cache',
  'pragma' => 'no-cache',
  'host' => 'www.shitangba.com',
  'accept' => 'text/html, image/gif, image/jpeg, *; q=.2, */*; q=.2',
  'connection' => 'keep-alive',
  'content-type' => '',
  'content-length' => '',
)
[ info ] [ PARAM ] array (
)
[ info ] [ RUN ] app\home\controller\Index->index[ /home/wwwroot/stbweb/appls/home/controller/Index.php ]
[ info ] [ VIEW ] /home/wwwroot/stbweb/public/../appls/home/view/index/index.html [ array (
) ]
[ info ] [ LOG ] INIT File
---------------------------------------------------------------
[ 2018-04-26T19:30:13+08:00 ] 123.59.209.2 GET /
[ info ] www.shitangba.com/ [运行时间：0.020104s][吞吐率：49.74req/s] [内存消耗：2,064.66kb] [文件加载：40]
[ info ] [ LANG ] /home/wwwroot/stbweb/thinkphp/lang/zh-cn.php
[ info ] [ ROUTE ] array (
  'type' => 'module',
  'module' => 
  array (
    0 => '',
    1 => NULL,
    2 => NULL,
  ),
)
[ info ] [ HEADER ] array (
  'user-agent' => 'Mozilla/5.1 (Windows NT 6.1; WOW64; rv:37.1) Gecko/20100101 Firefox/37.1',
  'host' => 'www.shitangba.com',
  'connection' => 'Keep-Alive',
  'accept-encoding' => 'gzip,deflate',
  'content-type' => '',
  'content-length' => '',
)
[ info ] [ PARAM ] array (
)
[ info ] [ RUN ] app\home\controller\Index->index[ /home/wwwroot/stbweb/appls/home/controller/Index.php ]
[ info ] [ VIEW ] /home/wwwroot/stbweb/public/../appls/home/view/index/index.html [ array (
) ]
[ info ] [ LOG ] INIT File
---------------------------------------------------------------
[ 2018-04-26T20:18:27+08:00 ] 202.108.211.56 GET /
[ info ] www.shitangba.com/ [运行时间：0.020158s][吞吐率：49.61req/s] [内存消耗：2,066.22kb] [文件加载：40]
[ info ] [ LANG ] /home/wwwroot/stbweb/thinkphp/lang/zh-cn.php
[ info ] [ ROUTE ] array (
  'type' => 'module',
  'module' => 
  array (
    0 => '',
    1 => NULL,
    2 => NULL,
  ),
)
[ info ] [ HEADER ] array (
  'user-agent' => 'Mozilla/5.0 (X11; Linux x86_64) AppleWebKit/535.21 (KHTML, like Gecko) Chrome/19.0.1042.0 Safari/535.21',
  'accept' => 'text/html,application/xhtml+xml,application/xml;q=0.9,image/webp,*/*;q=0.8',
  'accept-encoding' => 'gzip, deflate, sdch',
  'accept-language' => 'zh-CN,zh;q=0.8,en-US;q=0.6,en;q=0.4',
  'cache-control' => 'no-cache',
  'pragma' => 'no-cache',
  'upgrade-insecure-requests' => '1',
  'host' => 'www.shitangba.com',
  'connection' => 'keep-alive',
  'content-type' => '',
  'content-length' => '',
)
[ info ] [ PARAM ] array (
)
[ info ] [ RUN ] app\home\controller\Index->index[ /home/wwwroot/stbweb/appls/home/controller/Index.php ]
[ info ] [ VIEW ] /home/wwwroot/stbweb/public/../appls/home/view/index/index.html [ array (
) ]
[ info ] [ LOG ] INIT File
---------------------------------------------------------------
[ 2018-04-26T20:22:25+08:00 ] 178.168.6.186 HEAD /
[ info ] shitangba.com/ [运行时间：0.020544s][吞吐率：48.68req/s] [内存消耗：2,063.84kb] [文件加载：40]
[ info ] [ LANG ] /home/wwwroot/stbweb/thinkphp/lang/zh-cn.php
[ info ] [ ROUTE ] array (
  'type' => 'module',
  'module' => 
  array (
    0 => '',
    1 => NULL,
    2 => NULL,
  ),
)
[ info ] [ HEADER ] array (
  'host' => 'shitangba.com',
  'user-agent' => 'Mozilla/5.0 (compatible; Konqueror/4.5; Windows) KHTML/4.5.4 (like Gecko)',
  'content-type' => '',
  'content-length' => '',
)
[ info ] [ PARAM ] array (
)
[ info ] [ RUN ] app\home\controller\Index->index[ /home/wwwroot/stbweb/appls/home/controller/Index.php ]
[ info ] [ VIEW ] /home/wwwroot/stbweb/public/../appls/home/view/index/index.html [ array (
) ]
[ info ] [ LOG ] INIT File
---------------------------------------------------------------
[ 2018-04-26T23:17:09+08:00 ] 66.249.66.72 GET /
[ info ] www.shitangba.com/ [运行时间：0.021017s][吞吐率：47.58req/s] [内存消耗：2,065.84kb] [文件加载：40]
[ info ] [ LANG ] /home/wwwroot/stbweb/thinkphp/lang/zh-cn.php
[ info ] [ ROUTE ] array (
  'type' => 'module',
  'module' => 
  array (
    0 => '',
    1 => NULL,
    2 => NULL,
  ),
)
[ info ] [ HEADER ] array (
  'host' => 'www.shitangba.com',
  'connection' => 'keep-alive',
  'accept' => 'text/html,application/xhtml+xml,application/xml;q=0.9,*/*;q=0.8',
  'from' => 'googlebot(at)googlebot.com',
  'user-agent' => 'Mozilla/5.0 (Linux; Android 6.0.1; Nexus 5X Build/MMB29P) AppleWebKit/537.36 (KHTML, like Gecko) Chrome/41.0.2272.96 Mobile Safari/537.36 (compatible; Googlebot/2.1; +http://www.google.com/bot.html)',
  'accept-encoding' => 'gzip,deflate,br',
  'content-type' => '',
  'content-length' => '',
)
[ info ] [ PARAM ] array (
)
[ info ] [ RUN ] app\home\controller\Index->index[ /home/wwwroot/stbweb/appls/home/controller/Index.php ]
[ info ] [ VIEW ] /home/wwwroot/stbweb/public/../appls/home/view/index/index.html [ array (
) ]
[ info ] [ LOG ] INIT File
