---------------------------------------------------------------
[ 2018-06-03T13:49:34+08:00 ] 0.0.0.0 GET /
[ sql ] [ DB ] CONNECT:[ UseTime:0.012487s ] mysql:host=127.0.0.1;dbname=biteofworld;charset=utf8
[ sql ] [ SQL ] SHOW COLUMNS FROM `think_visitinfo` [ RunTime:0.008922s ]
[ sql ] [ SQL ] SELECT MAX(create_time) AS tp_max FROM `think_visitinfo` LIMIT 1 [ RunTime:0.000336s ]
[ sql ] [ SQL ] SELECT COUNT(*) AS tp_count FROM `think_visitinfo` LIMIT 1 [ RunTime:0.000394s ]
[ sql ] [ SQL ] SELECT SUM(pvs) AS tp_sum FROM `think_visitinfo` LIMIT 1 [ RunTime:0.000494s ]
[ sql ] [ SQL ] SHOW COLUMNS FROM `think_visithistory` [ RunTime:0.009382s ]
[ sql ] [ SQL ] INSERT INTO `think_visithistory` (`user` , `pv` , `create_time` , `update_time`) VALUES (1 , 8 , '1528004973' , '1528004973') [ RunTime:0.012816s ]
[ sql ] [ SQL ] SELECT `id` FROM `think_visitinfo` [ RunTime:0.000330s ]
[ sql ] [ SQL ] SELECT * FROM `think_visitinfo` WHERE  `id` IN (13) [ RunTime:0.000417s ]
[ sql ] [ SQL ] DELETE FROM `think_visitinfo`    WHERE  `id` = 13 [ RunTime:0.002097s ]
[ sql ] [ SQL ] SELECT COUNT(*) AS tp_count FROM `think_visithistory` LIMIT 1 [ RunTime:0.000347s ]
[ sql ] [ SQL ] SELECT * FROM `think_visitinfo` WHERE  `uip` = '0.0.0.0' LIMIT 1 [ RunTime:0.000283s ]
[ sql ] [ SQL ] INSERT INTO `think_visitinfo` (`uip` , `pvs` , `ti` , `create_time` , `update_time`) VALUES ('0.0.0.0' , 1 , '2018-06-03' , '1528004974' , '1528004974') [ RunTime:0.001817s ]
[ sql ] [ SQL ] SHOW COLUMNS FROM `think_pictxtmng` [ RunTime:0.010913s ]
[ sql ] [ SQL ] SELECT * FROM `think_pictxtmng` WHERE  `id` = 1 LIMIT 1 [ RunTime:0.000676s ]
[ sql ] [ SQL ] SHOW COLUMNS FROM `think_team` [ RunTime:0.010555s ]
[ sql ] [ SQL ] SELECT COUNT(*) AS tp_count FROM `think_team` WHERE  `type` = 0 LIMIT 1 [ RunTime:0.000365s ]
[ sql ] [ SQL ] SELECT * FROM `think_team` WHERE  `type` = 0 ORDER BY `ppid`  ASC LIMIT 0,15 [ RunTime:0.000383s ]
[ sql ] [ SQL ] SELECT COUNT(*) AS tp_count FROM `think_team` WHERE  `type` = 1 LIMIT 1 [ RunTime:0.000446s ]
[ sql ] [ SQL ] SELECT * FROM `think_team` WHERE  `type` = 1 ORDER BY `ppid`  ASC LIMIT 0,15 [ RunTime:0.000378s ]
[ sql ] [ SQL ] SHOW COLUMNS FROM `think_baseinfo` [ RunTime:0.010893s ]
[ sql ] [ SQL ] SELECT * FROM `think_baseinfo` WHERE  `id` = 1 LIMIT 1 [ RunTime:0.000388s ]
---------------------------------------------------------------
[ 2018-06-03T13:49:37+08:00 ] 0.0.0.0 GET /home/blog.html
[ sql ] [ DB ] CONNECT:[ UseTime:0.002366s ] mysql:host=127.0.0.1;dbname=biteofworld;charset=utf8
[ sql ] [ SQL ] SHOW COLUMNS FROM `think_visitinfo` [ RunTime:0.016983s ]
[ sql ] [ SQL ] SELECT MAX(create_time) AS tp_max FROM `think_visitinfo` LIMIT 1 [ RunTime:0.000388s ]
[ sql ] [ SQL ] SELECT * FROM `think_visitinfo` WHERE  `uip` = '0.0.0.0' LIMIT 1 [ RunTime:0.000406s ]
[ sql ] [ SQL ] UPDATE `think_visitinfo`  SET `pvs`=2,`update_time`='1528004977'  WHERE  `id` = 14 [ RunTime:0.012891s ]
[ sql ] [ SQL ] SHOW COLUMNS FROM `think_blog` [ RunTime:0.010285s ]
[ sql ] [ SQL ] SELECT COUNT(*) AS tp_count FROM `think_blog` WHERE  `status` = 0 LIMIT 1 [ RunTime:0.000347s ]
[ sql ] [ SQL ] SELECT * FROM `think_blog` WHERE  `status` = 0 ORDER BY `create_time`  ASC LIMIT 0,15 [ RunTime:0.000469s ]
[ sql ] [ SQL ] SELECT COUNT(*) AS tp_count FROM `think_blog` WHERE  `status` = 0 LIMIT 1 [ RunTime:0.000306s ]
[ sql ] [ SQL ] SELECT * FROM `think_blog` WHERE  `status` = 0 ORDER BY `create_time`  ASC LIMIT 0,15 [ RunTime:0.000318s ]
[ sql ] [ SQL ] SHOW COLUMNS FROM `think_baseinfo` [ RunTime:0.008351s ]
[ sql ] [ SQL ] SELECT * FROM `think_baseinfo` WHERE  `id` = 1 LIMIT 1 [ RunTime:0.000472s ]
---------------------------------------------------------------
[ 2018-06-03T13:49:38+08:00 ] 0.0.0.0 GET /home/contact.html
[ sql ] [ DB ] CONNECT:[ UseTime:0.011940s ] mysql:host=127.0.0.1;dbname=biteofworld;charset=utf8
[ sql ] [ SQL ] SHOW COLUMNS FROM `think_visitinfo` [ RunTime:0.016938s ]
[ sql ] [ SQL ] SELECT MAX(create_time) AS tp_max FROM `think_visitinfo` LIMIT 1 [ RunTime:0.000275s ]
[ sql ] [ SQL ] SELECT * FROM `think_visitinfo` WHERE  `uip` = '0.0.0.0' LIMIT 1 [ RunTime:0.000268s ]
[ sql ] [ SQL ] UPDATE `think_visitinfo`  SET `pvs`=3,`update_time`='1528004978'  WHERE  `id` = 14 [ RunTime:0.012766s ]
[ sql ] [ SQL ] SHOW COLUMNS FROM `think_baseinfo` [ RunTime:0.007967s ]
[ sql ] [ SQL ] SELECT * FROM `think_baseinfo` WHERE  `id` = 1 LIMIT 1 [ RunTime:0.000427s ]
---------------------------------------------------------------
[ 2018-06-03T13:49:42+08:00 ] 0.0.0.0 GET /home/faq.html
[ sql ] [ DB ] CONNECT:[ UseTime:0.011657s ] mysql:host=127.0.0.1;dbname=biteofworld;charset=utf8
[ sql ] [ SQL ] SHOW COLUMNS FROM `think_visitinfo` [ RunTime:0.016928s ]
[ sql ] [ SQL ] SELECT MAX(create_time) AS tp_max FROM `think_visitinfo` LIMIT 1 [ RunTime:0.000347s ]
[ sql ] [ SQL ] SELECT * FROM `think_visitinfo` WHERE  `uip` = '0.0.0.0' LIMIT 1 [ RunTime:0.000354s ]
[ sql ] [ SQL ] UPDATE `think_visitinfo`  SET `pvs`=4,`update_time`='1528004982'  WHERE  `id` = 14 [ RunTime:0.012981s ]
[ sql ] [ SQL ] SHOW COLUMNS FROM `think_faqcell` [ RunTime:0.008733s ]
[ sql ] [ SQL ] SELECT COUNT(*) AS tp_count FROM `think_faqcell` WHERE  `status` = 1  AND `type` = 'bwc' LIMIT 1 [ RunTime:0.000390s ]
[ sql ] [ SQL ] SELECT * FROM `think_faqcell` WHERE  `status` = 1  AND `type` = 'bwc' ORDER BY `create_time`  ASC LIMIT 0,15 [ RunTime:0.000428s ]
[ sql ] [ SQL ] SELECT COUNT(*) AS tp_count FROM `think_faqcell` WHERE  `status` = 1  AND `type` = 'product' LIMIT 1 [ RunTime:0.000390s ]
[ sql ] [ SQL ] SELECT * FROM `think_faqcell` WHERE  `status` = 1  AND `type` = 'product' ORDER BY `create_time`  ASC LIMIT 0,15 [ RunTime:0.000300s ]
[ sql ] [ SQL ] SELECT COUNT(*) AS tp_count FROM `think_faqcell` WHERE  `status` = 1  AND `type` = 'support' LIMIT 1 [ RunTime:0.000239s ]
[ sql ] [ SQL ] SELECT * FROM `think_faqcell` WHERE  `status` = 1  AND `type` = 'support' ORDER BY `create_time`  ASC LIMIT 0,15 [ RunTime:0.000312s ]
[ sql ] [ SQL ] SELECT COUNT(*) AS tp_count FROM `think_faqcell` WHERE  `status` = 1  AND `type` = 'others' LIMIT 1 [ RunTime:0.000265s ]
[ sql ] [ SQL ] SELECT * FROM `think_faqcell` WHERE  `status` = 1  AND `type` = 'others' ORDER BY `create_time`  ASC LIMIT 0,15 [ RunTime:0.000308s ]
[ sql ] [ SQL ] SHOW COLUMNS FROM `think_baseinfo` [ RunTime:0.008424s ]
[ sql ] [ SQL ] SELECT * FROM `think_baseinfo` WHERE  `id` = 1 LIMIT 1 [ RunTime:0.000447s ]
---------------------------------------------------------------
[ 2018-06-03T13:55:58+08:00 ] 0.0.0.0 GET /home/faq.html
[ sql ] [ DB ] CONNECT:[ UseTime:0.001762s ] mysql:host=127.0.0.1;dbname=biteofworld;charset=utf8
[ sql ] [ SQL ] SHOW COLUMNS FROM `think_visitinfo` [ RunTime:0.017445s ]
[ sql ] [ SQL ] SELECT MAX(create_time) AS tp_max FROM `think_visitinfo` LIMIT 1 [ RunTime:0.000498s ]
[ sql ] [ SQL ] SELECT * FROM `think_visitinfo` WHERE  `uip` = '0.0.0.0' LIMIT 1 [ RunTime:0.000457s ]
[ sql ] [ SQL ] UPDATE `think_visitinfo`  SET `pvs`=5,`update_time`='1528005358'  WHERE  `id` = 14 [ RunTime:0.012886s ]
[ sql ] [ SQL ] SHOW COLUMNS FROM `think_faqcell` [ RunTime:0.008415s ]
[ sql ] [ SQL ] SELECT COUNT(*) AS tp_count FROM `think_faqcell` WHERE  `status` = 1  AND `type` = 'bwc' LIMIT 1 [ RunTime:0.000372s ]
[ sql ] [ SQL ] SELECT * FROM `think_faqcell` WHERE  `status` = 1  AND `type` = 'bwc' ORDER BY `create_time`  ASC LIMIT 0,15 [ RunTime:0.000433s ]
[ sql ] [ SQL ] SELECT COUNT(*) AS tp_count FROM `think_faqcell` WHERE  `status` = 1  AND `type` = 'product' LIMIT 1 [ RunTime:0.000349s ]
[ sql ] [ SQL ] SELECT * FROM `think_faqcell` WHERE  `status` = 1  AND `type` = 'product' ORDER BY `create_time`  ASC LIMIT 0,15 [ RunTime:0.000384s ]
[ sql ] [ SQL ] SELECT COUNT(*) AS tp_count FROM `think_faqcell` WHERE  `status` = 1  AND `type` = 'support' LIMIT 1 [ RunTime:0.000324s ]
[ sql ] [ SQL ] SELECT * FROM `think_faqcell` WHERE  `status` = 1  AND `type` = 'support' ORDER BY `create_time`  ASC LIMIT 0,15 [ RunTime:0.000352s ]
[ sql ] [ SQL ] SELECT COUNT(*) AS tp_count FROM `think_faqcell` WHERE  `status` = 1  AND `type` = 'others' LIMIT 1 [ RunTime:0.000284s ]
[ sql ] [ SQL ] SELECT * FROM `think_faqcell` WHERE  `status` = 1  AND `type` = 'others' ORDER BY `create_time`  ASC LIMIT 0,15 [ RunTime:0.000304s ]
[ sql ] [ SQL ] SHOW COLUMNS FROM `think_baseinfo` [ RunTime:0.008540s ]
[ sql ] [ SQL ] SELECT * FROM `think_baseinfo` WHERE  `id` = 1 LIMIT 1 [ RunTime:0.000383s ]
---------------------------------------------------------------
[ 2018-06-03T13:56:00+08:00 ] 0.0.0.0 GET /home/faq.html
[ sql ] [ DB ] CONNECT:[ UseTime:0.001534s ] mysql:host=127.0.0.1;dbname=biteofworld;charset=utf8
[ sql ] [ SQL ] SHOW COLUMNS FROM `think_visitinfo` [ RunTime:0.017179s ]
[ sql ] [ SQL ] SELECT MAX(create_time) AS tp_max FROM `think_visitinfo` LIMIT 1 [ RunTime:0.000330s ]
[ sql ] [ SQL ] SELECT * FROM `think_visitinfo` WHERE  `uip` = '0.0.0.0' LIMIT 1 [ RunTime:0.000319s ]
[ sql ] [ SQL ] UPDATE `think_visitinfo`  SET `pvs`=6,`update_time`='1528005360'  WHERE  `id` = 14 [ RunTime:0.002111s ]
[ sql ] [ SQL ] SHOW COLUMNS FROM `think_faqcell` [ RunTime:0.008627s ]
[ sql ] [ SQL ] SELECT COUNT(*) AS tp_count FROM `think_faqcell` WHERE  `status` = 1  AND `type` = 'bwc' LIMIT 1 [ RunTime:0.000367s ]
[ sql ] [ SQL ] SELECT * FROM `think_faqcell` WHERE  `status` = 1  AND `type` = 'bwc' ORDER BY `create_time`  ASC LIMIT 0,15 [ RunTime:0.000447s ]
[ sql ] [ SQL ] SELECT COUNT(*) AS tp_count FROM `think_faqcell` WHERE  `status` = 1  AND `type` = 'product' LIMIT 1 [ RunTime:0.000332s ]
[ sql ] [ SQL ] SELECT * FROM `think_faqcell` WHERE  `status` = 1  AND `type` = 'product' ORDER BY `create_time`  ASC LIMIT 0,15 [ RunTime:0.000358s ]
[ sql ] [ SQL ] SELECT COUNT(*) AS tp_count FROM `think_faqcell` WHERE  `status` = 1  AND `type` = 'support' LIMIT 1 [ RunTime:0.000303s ]
[ sql ] [ SQL ] SELECT * FROM `think_faqcell` WHERE  `status` = 1  AND `type` = 'support' ORDER BY `create_time`  ASC LIMIT 0,15 [ RunTime:0.000382s ]
[ sql ] [ SQL ] SELECT COUNT(*) AS tp_count FROM `think_faqcell` WHERE  `status` = 1  AND `type` = 'others' LIMIT 1 [ RunTime:0.000306s ]
[ sql ] [ SQL ] SELECT * FROM `think_faqcell` WHERE  `status` = 1  AND `type` = 'others' ORDER BY `create_time`  ASC LIMIT 0,15 [ RunTime:0.000346s ]
[ sql ] [ SQL ] SHOW COLUMNS FROM `think_baseinfo` [ RunTime:0.008786s ]
[ sql ] [ SQL ] SELECT * FROM `think_baseinfo` WHERE  `id` = 1 LIMIT 1 [ RunTime:0.000487s ]
