---------------------------------------------------------------
[ 2018-06-08T08:09:30+08:00 ] 0.0.0.0 GET /
[ sql ] [ DB ] CONNECT:[ UseTime:0.004061s ] mysql:host=127.0.0.1;dbname=biteofworld;charset=utf8
[ sql ] [ SQL ] SHOW COLUMNS FROM `think_visitinfo` [ RunTime:0.010481s ]
[ sql ] [ SQL ] SELECT MAX(create_time) AS tp_max FROM `think_visitinfo` LIMIT 1 [ RunTime:0.000545s ]
[ sql ] [ SQL ] SELECT COUNT(*) AS tp_count FROM `think_visitinfo` LIMIT 1 [ RunTime:0.000276s ]
[ sql ] [ SQL ] SELECT SUM(pvs) AS tp_sum FROM `think_visitinfo` LIMIT 1 [ RunTime:0.000216s ]
[ sql ] [ SQL ] SHOW COLUMNS FROM `think_visithistory` [ RunTime:0.008983s ]
[ sql ] [ SQL ] INSERT INTO `think_visithistory` (`user` , `pv` , `create_time` , `update_time`) VALUES (1 , 6 , '1528416570' , '1528416570') [ RunTime:0.001948s ]
[ sql ] [ SQL ] SELECT `id` FROM `think_visitinfo` [ RunTime:0.000313s ]
[ sql ] [ SQL ] SELECT * FROM `think_visitinfo` WHERE  `id` IN (14) [ RunTime:0.000394s ]
[ sql ] [ SQL ] DELETE FROM `think_visitinfo`    WHERE  `id` = 14 [ RunTime:0.002027s ]
[ sql ] [ SQL ] SELECT COUNT(*) AS tp_count FROM `think_visithistory` LIMIT 1 [ RunTime:0.000229s ]
[ sql ] [ SQL ] SELECT * FROM `think_visitinfo` WHERE  `uip` = '0.0.0.0' LIMIT 1 [ RunTime:0.000258s ]
[ sql ] [ SQL ] INSERT INTO `think_visitinfo` (`uip` , `pvs` , `ti` , `create_time` , `update_time`) VALUES ('0.0.0.0' , 1 , '2018-06-08' , '1528416570' , '1528416570') [ RunTime:0.001657s ]
[ sql ] [ SQL ] SHOW COLUMNS FROM `think_pictxtmng` [ RunTime:0.011621s ]
[ sql ] [ SQL ] SELECT * FROM `think_pictxtmng` WHERE  `id` = 1 LIMIT 1 [ RunTime:0.000603s ]
[ sql ] [ SQL ] SHOW COLUMNS FROM `think_team` [ RunTime:0.011987s ]
[ sql ] [ SQL ] SELECT COUNT(*) AS tp_count FROM `think_team` WHERE  `type` = 0 LIMIT 1 [ RunTime:0.000519s ]
[ sql ] [ SQL ] SELECT * FROM `think_team` WHERE  `type` = 0 ORDER BY `ppid`  ASC LIMIT 0,15 [ RunTime:0.000571s ]
[ sql ] [ SQL ] SELECT COUNT(*) AS tp_count FROM `think_team` WHERE  `type` = 1 LIMIT 1 [ RunTime:0.000383s ]
[ sql ] [ SQL ] SELECT * FROM `think_team` WHERE  `type` = 1 ORDER BY `ppid`  ASC LIMIT 0,15 [ RunTime:0.000422s ]
[ sql ] [ SQL ] SHOW COLUMNS FROM `think_baseinfo` [ RunTime:0.011934s ]
[ sql ] [ SQL ] SELECT * FROM `think_baseinfo` WHERE  `id` = 1 LIMIT 1 [ RunTime:0.000395s ]
