---------------------------------------------------------------
[ 2018-05-05T01:46:09+08:00 ] 66.249.75.133 GET /
[ info ] shitangba.com/ [运行时间：0.019794s][吞吐率：50.52req/s] [内存消耗：2,065.49kb] [文件加载：40]
[ info ] [ LANG ] /home/wwwroot/stbweb/thinkphp/lang/zh-cn.php
[ info ] [ ROUTE ] array (
  'type' => 'module',
  'module' => 
  array (
    0 => '',
    1 => NULL,
    2 => NULL,
  ),
)
[ info ] [ HEADER ] array (
  'host' => 'shitangba.com',
  'connection' => 'keep-alive',
  'accept' => 'text/html,application/xhtml+xml,application/xml;q=0.9,*/*;q=0.8',
  'from' => 'googlebot(at)googlebot.com',
  'user-agent' => 'Mozilla/5.0 (Linux; Android 6.0.1; Nexus 5X Build/MMB29P) AppleWebKit/537.36 (KHTML, like Gecko) Chrome/41.0.2272.96 Mobile Safari/537.36 (compatible; Googlebot/2.1; +http://www.google.com/bot.html)',
  'accept-encoding' => 'gzip,deflate,br',
  'content-type' => '',
  'content-length' => '',
)
[ info ] [ PARAM ] array (
)
[ info ] [ RUN ] app\home\controller\Index->index[ /home/wwwroot/stbweb/appls/home/controller/Index.php ]
[ info ] [ VIEW ] /home/wwwroot/stbweb/public/../appls/home/view/index/index.html [ array (
) ]
[ info ] [ LOG ] INIT File
---------------------------------------------------------------
[ 2018-05-05T02:01:19+08:00 ] 66.249.79.73 GET /
[ info ] shitangba.com/ [运行时间：0.019829s][吞吐率：50.43req/s] [内存消耗：2,065.21kb] [文件加载：40]
[ info ] [ LANG ] /home/wwwroot/stbweb/thinkphp/lang/zh-cn.php
[ info ] [ ROUTE ] array (
  'type' => 'module',
  'module' => 
  array (
    0 => '',
    1 => NULL,
    2 => NULL,
  ),
)
[ info ] [ HEADER ] array (
  'host' => 'shitangba.com',
  'connection' => 'keep-alive',
  'accept' => 'text/html,application/xhtml+xml,application/xml;q=0.9,*/*;q=0.8',
  'from' => 'googlebot(at)googlebot.com',
  'user-agent' => 'Mozilla/5.0 (compatible; Googlebot/2.1; +http://www.google.com/bot.html)',
  'accept-encoding' => 'gzip,deflate,br',
  'content-type' => '',
  'content-length' => '',
)
[ info ] [ PARAM ] array (
)
[ info ] [ RUN ] app\home\controller\Index->index[ /home/wwwroot/stbweb/appls/home/controller/Index.php ]
[ info ] [ VIEW ] /home/wwwroot/stbweb/public/../appls/home/view/index/index.html [ array (
) ]
[ info ] [ LOG ] INIT File
---------------------------------------------------------------
[ 2018-05-05T04:17:41+08:00 ] 101.41.62.238 GET /
[ info ] shitangba.com/ [运行时间：0.019515s][吞吐率：51.24req/s] [内存消耗：2,064.69kb] [文件加载：40]
[ info ] [ LANG ] /home/wwwroot/stbweb/thinkphp/lang/zh-cn.php
[ info ] [ ROUTE ] array (
  'type' => 'module',
  'module' => 
  array (
    0 => '',
    1 => NULL,
    2 => NULL,
  ),
)
[ info ] [ HEADER ] array (
  'user-agent' => 'Baiduspider+(+http://www.baidu.com/search/spider.htm)',
  'accept' => '*/*',
  'accept-language' => 'zh-cn,en-us;q=0.5',
  'host' => 'shitangba.com',
  'connection' => 'Keep-Alive',
  'content-type' => '',
  'content-length' => '',
)
[ info ] [ PARAM ] array (
)
[ info ] [ RUN ] app\home\controller\Index->index[ /home/wwwroot/stbweb/appls/home/controller/Index.php ]
[ info ] [ VIEW ] /home/wwwroot/stbweb/public/../appls/home/view/index/index.html [ array (
) ]
[ info ] [ LOG ] INIT File
---------------------------------------------------------------
[ 2018-05-05T04:17:42+08:00 ] 101.41.62.238 GET /
[ info ] shitangba.com/ [运行时间：0.020060s][吞吐率：49.85req/s] [内存消耗：2,064.51kb] [文件加载：40]
[ info ] [ LANG ] /home/wwwroot/stbweb/thinkphp/lang/zh-cn.php
[ info ] [ ROUTE ] array (
  'type' => 'module',
  'module' => 
  array (
    0 => '',
    1 => NULL,
    2 => NULL,
  ),
)
[ info ] [ HEADER ] array (
  'user-agent' => 'Baiduspider+(+http://www.baidu.com/search/spider.htm)',
  'accept' => '*/*',
  'accept-language' => 'zh-cn,en-us;q=0.5',
  'host' => 'shitangba.com',
  'content-type' => '',
  'content-length' => '',
)
[ info ] [ PARAM ] array (
)
[ info ] [ RUN ] app\home\controller\Index->index[ /home/wwwroot/stbweb/appls/home/controller/Index.php ]
[ info ] [ VIEW ] /home/wwwroot/stbweb/public/../appls/home/view/index/index.html [ array (
) ]
[ info ] [ LOG ] INIT File
---------------------------------------------------------------
[ 2018-05-05T05:09:05+08:00 ] 66.249.79.22 GET /
[ info ] www.shitangba.com/ [运行时间：0.020164s][吞吐率：49.59req/s] [内存消耗：2,065.84kb] [文件加载：40]
[ info ] [ LANG ] /home/wwwroot/stbweb/thinkphp/lang/zh-cn.php
[ info ] [ ROUTE ] array (
  'type' => 'module',
  'module' => 
  array (
    0 => '',
    1 => NULL,
    2 => NULL,
  ),
)
[ info ] [ HEADER ] array (
  'host' => 'www.shitangba.com',
  'connection' => 'keep-alive',
  'accept' => 'text/html,application/xhtml+xml,application/xml;q=0.9,*/*;q=0.8',
  'from' => 'googlebot(at)googlebot.com',
  'user-agent' => 'Mozilla/5.0 (Linux; Android 6.0.1; Nexus 5X Build/MMB29P) AppleWebKit/537.36 (KHTML, like Gecko) Chrome/41.0.2272.96 Mobile Safari/537.36 (compatible; Googlebot/2.1; +http://www.google.com/bot.html)',
  'accept-encoding' => 'gzip,deflate,br',
  'content-type' => '',
  'content-length' => '',
)
[ info ] [ PARAM ] array (
)
[ info ] [ RUN ] app\home\controller\Index->index[ /home/wwwroot/stbweb/appls/home/controller/Index.php ]
[ info ] [ VIEW ] /home/wwwroot/stbweb/public/../appls/home/view/index/index.html [ array (
) ]
[ info ] [ LOG ] INIT File
---------------------------------------------------------------
[ 2018-05-05T07:32:19+08:00 ] 218.241.108.76 GET /
[ info ] shitangba.com/ [运行时间：0.020034s][吞吐率：49.92req/s] [内存消耗：2,065.03kb] [文件加载：40]
[ info ] [ LANG ] /home/wwwroot/stbweb/thinkphp/lang/zh-cn.php
[ info ] [ ROUTE ] array (
  'type' => 'module',
  'module' => 
  array (
    0 => '',
    1 => NULL,
    2 => NULL,
  ),
)
[ info ] [ HEADER ] array (
  'te' => 'deflate,gzip;q=0.3',
  'connection' => 'TE, close',
  'host' => 'shitangba.com',
  'range' => 'bytes=0-5242879',
  'user-agent' => 'Mozilla/5.0 (Linux; U; Android 2.2; en-us; Nexus One Build/FRF91) AppleWebKit/533.1 (KHTML, like Gecko) Version/4.0 Mobile Safari/533.1',
  'content-type' => '',
  'content-length' => '',
)
[ info ] [ PARAM ] array (
)
[ info ] [ RUN ] app\home\controller\Index->index[ /home/wwwroot/stbweb/appls/home/controller/Index.php ]
[ info ] [ VIEW ] /home/wwwroot/stbweb/public/../appls/home/view/index/index.html [ array (
) ]
[ info ] [ LOG ] INIT File
---------------------------------------------------------------
[ 2018-05-05T07:33:56+08:00 ] 106.11.242.91 GET /
[ info ] shitangba.com/ [运行时间：0.021275s][吞吐率：47.00req/s] [内存消耗：2,065.48kb] [文件加载：40]
[ info ] [ LANG ] /home/wwwroot/stbweb/thinkphp/lang/zh-cn.php
[ info ] [ ROUTE ] array (
  'type' => 'module',
  'module' => 
  array (
    0 => '',
    1 => NULL,
    2 => NULL,
  ),
)
[ info ] [ HEADER ] array (
  'accept-encoding' => 'gzip',
  'user-agent' => 'Mozilla/5.0 (iPad; CPU OS 9_1 like Mac OS X) AppleWebKit/601.1.46 (KHTML, like Gecko) Version/9.0 Mobile/13B143 Safari/601.1',
  'cache-control' => 'no-cache',
  'pragma' => 'no-cache',
  'host' => 'shitangba.com',
  'accept' => 'text/html, image/gif, image/jpeg, *; q=.2, */*; q=.2',
  'connection' => 'keep-alive',
  'content-type' => '',
  'content-length' => '',
)
[ info ] [ PARAM ] array (
)
[ info ] [ RUN ] app\home\controller\Index->index[ /home/wwwroot/stbweb/appls/home/controller/Index.php ]
[ info ] [ VIEW ] /home/wwwroot/stbweb/public/../appls/home/view/index/index.html [ array (
) ]
[ info ] [ LOG ] INIT File
---------------------------------------------------------------
[ 2018-05-05T08:55:16+08:00 ] 218.241.108.76 GET /
[ info ] www.shitangba.com/ [运行时间：0.020259s][吞吐率：49.36req/s] [内存消耗：2,065.00kb] [文件加载：40]
[ info ] [ LANG ] /home/wwwroot/stbweb/thinkphp/lang/zh-cn.php
[ info ] [ ROUTE ] array (
  'type' => 'module',
  'module' => 
  array (
    0 => '',
    1 => NULL,
    2 => NULL,
  ),
)
[ info ] [ HEADER ] array (
  'te' => 'deflate,gzip;q=0.3',
  'connection' => 'TE, close',
  'host' => 'www.shitangba.com',
  'range' => 'bytes=0-5242879',
  'user-agent' => 'Mozilla/5.0 (Linux; U; Android 2.2; en-us; Nexus One Build/FRF91) AppleWebKit/533.1 (KHTML, like Gecko) Version/4.0 Mobile Safari/533.1',
  'content-type' => '',
  'content-length' => '',
)
[ info ] [ PARAM ] array (
)
[ info ] [ RUN ] app\home\controller\Index->index[ /home/wwwroot/stbweb/appls/home/controller/Index.php ]
[ info ] [ VIEW ] /home/wwwroot/stbweb/public/../appls/home/view/index/index.html [ array (
) ]
[ info ] [ LOG ] INIT File
---------------------------------------------------------------
[ 2018-05-05T16:43:07+08:00 ] 106.11.227.254 GET /
[ info ] www.shitangba.com/ [运行时间：0.020128s][吞吐率：49.68req/s] [内存消耗：2,065.99kb] [文件加载：40]
[ info ] [ LANG ] /home/wwwroot/stbweb/thinkphp/lang/zh-cn.php
[ info ] [ ROUTE ] array (
  'type' => 'module',
  'module' => 
  array (
    0 => '',
    1 => NULL,
    2 => NULL,
  ),
)
[ info ] [ HEADER ] array (
  'accept-encoding' => 'gzip',
  'user-agent' => 'Mozilla/5.0 (iPad; CPU OS 9_1 like Mac OS X) AppleWebKit/601.1.46 (KHTML, like Gecko) Version/9.0 Mobile/13B143 Safari/601.1',
  'cache-control' => 'no-cache',
  'pragma' => 'no-cache',
  'host' => 'www.shitangba.com',
  'accept' => 'text/html, image/gif, image/jpeg, *; q=.2, */*; q=.2',
  'connection' => 'keep-alive',
  'content-type' => '',
  'content-length' => '',
)
[ info ] [ PARAM ] array (
)
[ info ] [ RUN ] app\home\controller\Index->index[ /home/wwwroot/stbweb/appls/home/controller/Index.php ]
[ info ] [ VIEW ] /home/wwwroot/stbweb/public/../appls/home/view/index/index.html [ array (
) ]
[ info ] [ LOG ] INIT File
